1508569764.725821 client started (11623): socket /private/tmp/tmate-501/N1RfCG, protocol 8
1508569764.725858 on Darwin 16.7.0 Darwin Kernel Version 16.7.0: Thu Jun 15 17:36:27 PDT 2017; root:xnu-3789.70.16~2/RELEASE_X86_64; libevent 2.1.8-stable (kqueue)
1508569764.725924 socket is /private/tmp/tmate-501/N1RfCG
1508569764.725940 trying connect
1508569764.725962 connect failed: No such file or directory
1508569764.726247 lock file is /private/tmp/tmate-501/N1RfCG.lock
1508569764.726414 flock succeeded
1508569764.726420 got lock (5)
1508569764.726426 trying connect
1508569764.726437 connect failed: No such file or directory
1508569764.726925 add peer 0x7fe3b9002800: 6 (0x0)
1508569764.732092 sending message 100 to peer 0x7fe3b9002800 (4 bytes)
1508569764.732115 sending message 101 to peer 0x7fe3b9002800 (15 bytes)
1508569764.732120 sending message 102 to peer 0x7fe3b9002800 (13 bytes)
1508569764.732124 sending message 108 to peer 0x7fe3b9002800 (35 bytes)
1508569764.732137 sending message 104 to peer 0x7fe3b9002800 (0 bytes)
1508569764.732141 sending message 107 to peer 0x7fe3b9002800 (4 bytes)
1508569764.732145 sending message 105 to peer 0x7fe3b9002800 (23 bytes)
1508569764.732149 sending message 105 to peer 0x7fe3b9002800 (20 bytes)
1508569764.732152 sending message 105 to peer 0x7fe3b9002800 (16 bytes)
1508569764.732156 sending message 105 to peer 0x7fe3b9002800 (57 bytes)
1508569764.732160 sending message 105 to peer 0x7fe3b9002800 (76 bytes)
1508569764.732164 sending message 105 to peer 0x7fe3b9002800 (27 bytes)
1508569764.732168 sending message 105 to peer 0x7fe3b9002800 (60 bytes)
1508569764.732171 sending message 105 to peer 0x7fe3b9002800 (11 bytes)
1508569764.732175 sending message 105 to peer 0x7fe3b9002800 (22 bytes)
1508569764.732179 sending message 105 to peer 0x7fe3b9002800 (66 bytes)
1508569764.732182 sending message 105 to peer 0x7fe3b9002800 (38 bytes)
1508569764.732186 sending message 105 to peer 0x7fe3b9002800 (181 bytes)
1508569764.732189 sending message 105 to peer 0x7fe3b9002800 (39 bytes)
1508569764.732193 sending message 105 to peer 0x7fe3b9002800 (17 bytes)
1508569764.732197 sending message 105 to peer 0x7fe3b9002800 (22 bytes)
1508569764.732200 sending message 105 to peer 0x7fe3b9002800 (14 bytes)
1508569764.732204 sending message 105 to peer 0x7fe3b9002800 (19 bytes)
1508569764.732208 sending message 105 to peer 0x7fe3b9002800 (8 bytes)
1508569764.732212 sending message 105 to peer 0x7fe3b9002800 (18 bytes)
1508569764.732215 sending message 105 to peer 0x7fe3b9002800 (14 bytes)
1508569764.732219 sending message 105 to peer 0x7fe3b9002800 (61 bytes)
1508569764.732223 sending message 105 to peer 0x7fe3b9002800 (14 bytes)
1508569764.732227 sending message 105 to peer 0x7fe3b9002800 (75 bytes)
1508569764.732230 sending message 105 to peer 0x7fe3b9002800 (24 bytes)
1508569764.732236 sending message 105 to peer 0x7fe3b9002800 (20 bytes)
1508569764.732240 sending message 105 to peer 0x7fe3b9002800 (23 bytes)
1508569764.732243 sending message 106 to peer 0x7fe3b9002800 (0 bytes)
1508569764.732250 sending message 200 to peer 0x7fe3b9002800 (4 bytes)
1508569764.732254 client loop enter
1508569764.737779 peer 0x7fe3b9002800 message 207
1508569764.737793 sending message 208 to peer 0x7fe3b9002800 (0 bytes)
1508569777.434415 peer 0x7fe3b9002800 message 203
1508569777.434428 sending message 205 to peer 0x7fe3b9002800 (0 bytes)
1508569777.434665 peer 0x7fe3b9002800 message 204
1508569777.434672 client loop exit
